<?xml version="1.0" encoding="UTF-8"?>
<beans xmlns="http://www.springframework.org/schema/beans" xmlns:amq="http://activemq.apache.org/schema/core" xmlns:jms="http://www.springframework.org/schema/jms" xmlns:context="http://www.springframework.org/schema/context" xmlns:aop="http://www.springframework.org/schema/aop" xmlns:xsi="http://www.w3.org/2001/XMLSchema-instance"
	xsi:schemaLocation="http://www.springframework.org/schema/beans http://www.springframework.org/schema/beans/spring-beans-3.0.xsd
http://www.springframework.org/schema/context http://www.springframework.org/schema/context/spring-context-3.0.xsd
http://www.springframework.org/schema/aop http://www.springframework.org/schema/aop/spring-aop-3.0.xsd">

	<!-- enables annotation based configuration -->
	<context:annotation-config />

	<bean id="cassandraHostConfigurator" class="me.prettyprint.cassandra.service.CassandraHostConfigurator">
		<constructor-arg value="devbox.local" />
		<property name="cassandraThriftSocketTimeout" value="0" /> <!-- default value of 5000ms, change to > 0 for non-default -->
		<property name="autoDiscoverHosts" value="false" />
		<property name="autoDiscoveryDelayInSeconds" value="30" />
	</bean>
	<bean id="cluster" class="me.prettyprint.cassandra.service.ThriftCluster">
		<constructor-arg value="Jaws" />
		<constructor-arg ref="cassandraHostConfigurator" />
	</bean>
	
	
	<bean id="consistencyLevelPolicy" class="me.prettyprint.cassandra.model.QuorumAllConsistencyLevelPolicy" />
	<bean id="oneConsistencyLevelPolicy" class="me.prettyprint.cassandra.model.AllOneConsistencyLevelPolicy" />


	<!-- FailoverPolicy.ON_FAIL_TRY_ALL_AVAILABLE -->
	<bean id="failoverPolicy" class="me.prettyprint.cassandra.service.FailoverPolicy">
		<constructor-arg value="2147483646" /> <!-- numRetries == Integer.MAX_VALUE - 1 -->
		<constructor-arg value="0" /> <!-- sleepBwHostsMilli -->
	</bean>
	<bean id="keyspace" class="me.prettyprint.hector.api.factory.HFactory" factory-method="createKeyspace">
		<constructor-arg value="xpatterns_jaws" />
		<constructor-arg ref="cluster" />
		<constructor-arg ref="consistencyLevelPolicy" />
		<constructor-arg ref="failoverPolicy" />
	</bean>
	
	<bean id="dal" class="com.xpatterns.jaws.data.impl.JawsCassandraLogging">
			<constructor-arg name="keyspace" ref="keyspace"/>
	</bean>
	
	<bean id="resultsDal" class="com.xpatterns.jaws.data.impl.JawsCassandraResults">
			<constructor-arg name="keyspace" ref="keyspace"/>
	</bean>

	<aop:aspectj-autoproxy />
</beans> 
